<?xml version="1.0" encoding="UTF-8"?>
<!-- Generated by org.testng.reporters.JUnitXMLReporter -->
<testsuite hostname="jgus-2k16-LB3" ignored="0" name="Validating Title in the Page" tests="1" failures="0" timestamp="17 May 2018 00:33:58 GMT" time="0.01" errors="0">
  <testcase name="@BeforeTest initialize" time="0.0" classname="Academy.End2EndProject.validateTitle">
    <failure type="java.lang.NullPointerException">
      <![CDATA[java.lang.NullPointerException
at resources.base.initializeDriver(base.java:48)
at Academy.End2EndProject.validateTitle.initialize(validateTitle.java:30)
... Removed 24 stack frames]]>
    </failure>
  </testcase> <!-- @BeforeTest initialize -->
  <testcase name="@AfterTest teardown" time="0.0" classname="Academy.End2EndProject.validateTitle">
    <skipped/>
  </testcase> <!-- @AfterTest teardown -->
  <testcase name="basePageNavigation" time="0.0" classname="Academy.End2EndProject.validateTitle">
    <skipped/>
  </testcase> <!-- basePageNavigation -->
</testsuite> <!-- Validating Title in the Page -->
